<?xml version="1.0" encoding="UTF-8"?>
<testng-results ignored="0" total="1" passed="1" failed="0" skipped="0">
  <reporter-output>
  </reporter-output>
  <suite started-at="2023-04-06T11:52:03 IST" name="Default suite" finished-at="2023-04-06T11:52:17 IST" duration-ms="14082">
    <groups>
    </groups>
    <test started-at="2023-04-06T11:52:03 IST" name="Default test" finished-at="2023-04-06T11:52:17 IST" duration-ms="14082">
      <class name="com.w3schools.tests.LoginTest">
        <test-method signature="loginTest()[pri:0, instance:com.w3schools.tests.LoginTest@e350b40]" started-at="2023-04-06T11:52:03 IST" name="loginTest" finished-at="2023-04-06T11:52:17 IST" duration-ms="14034" status="PASS">
          <reporter-output>
          </reporter-output>
        </test-method> <!-- loginTest -->
      </class> <!-- com.w3schools.tests.LoginTest -->
    </test> <!-- Default test -->
  </suite> <!-- Default suite -->
</testng-results>
